2024-04-23 22:13:11.707 [info] Added views:workbench.panel.markers.view in workbench.panel.markers
2024-04-23 22:13:11.707 [info] Added views:workbench.panel.output in workbench.panel.output
2024-04-23 22:13:11.707 [info] Added views:terminal in terminal
2024-04-23 22:13:11.707 [info] Added views:outline in workbench.view.explorer
2024-04-23 22:13:11.707 [info] Added views:workbench.scm in workbench.view.scm
2024-04-23 22:13:11.707 [info] Added views:workbench.view.search in workbench.view.search
2024-04-23 22:13:11.707 [info] Added views:timeline in workbench.view.explorer
2024-04-23 22:13:11.707 [info] Added views:workbench.explorer.emptyView in workbench.view.explorer
2024-04-23 22:13:11.855 [info] Added views:workbench.debug.welcome in workbench.view.debug
2024-04-23 22:13:11.861 [info] Added views:workbench.panel.repl.view in workbench.panel.repl
2024-04-23 22:13:11.962 [info] Added views:~remote.forwardedPorts in ~remote.forwardedPortsContainer
2024-04-23 22:13:23.988 [info] Added views:workbench.panel.markers.view in workbench.panel.markers
2024-04-23 22:13:23.988 [info] Added views:workbench.panel.output in workbench.panel.output
2024-04-23 22:13:23.988 [info] Added views:terminal in terminal
2024-04-23 22:13:23.988 [info] Added views:outline in workbench.view.explorer
2024-04-23 22:13:23.988 [info] Added views:workbench.scm in workbench.view.scm
2024-04-23 22:13:23.988 [info] Added views:workbench.view.search in workbench.view.search
2024-04-23 22:13:23.988 [info] Added views:timeline in workbench.view.explorer
2024-04-23 22:13:23.988 [info] Added views:workbench.explorer.fileView in workbench.view.explorer
2024-04-23 22:13:24.100 [info] Added views:workbench.debug.variablesView,workbench.debug.watchExpressionsView,workbench.debug.callStackView,workbench.debug.breakPointsView in workbench.view.debug
2024-04-23 22:13:24.150 [info] Added views:workbench.panel.repl.view in workbench.panel.repl
2024-04-23 22:13:24.151 [info] Removed views:workbench.debug.breakPointsView,workbench.debug.callStackView,workbench.debug.watchExpressionsView,workbench.debug.variablesView from workbench.view.debug
2024-04-23 22:13:24.151 [info] Added views:workbench.debug.welcome in workbench.view.debug
2024-04-23 22:13:24.171 [info] Added views:~remote.forwardedPorts in ~remote.forwardedPortsContainer
2024-04-23 22:13:27.132 [info] Added views:workbench.views.extensions.installed,workbench.views.extensions.popular,extensions.recommendedList in workbench.view.extensions
2024-04-23 22:13:27.133 [info] Removed views:workbench.views.extensions.popular from workbench.view.extensions
2024-04-23 22:13:27.256 [info] Added views:workbench.views.extensions.popular in workbench.view.extensions
2024-04-23 22:13:30.106 [info] Removed views:extensions.recommendedList,workbench.views.extensions.popular,workbench.views.extensions.installed from workbench.view.extensions
2024-04-23 22:13:30.110 [info] Added views:workbench.views.extensions.marketplace in workbench.view.extensions
2024-04-23 22:13:38.268 [info] Added views:rustDependencies in workbench.view.explorer
2024-04-23 22:13:46.357 [info] Added views:workbench.debug.breakPointsView in workbench.view.debug
2024-04-23 22:14:12.048 [info] Removed views:workbench.debug.welcome from workbench.view.debug
2024-04-23 22:14:12.048 [info] Added views:workbench.debug.variablesView,workbench.debug.watchExpressionsView,workbench.debug.callStackView in workbench.view.debug
2024-04-23 22:14:17.359 [info] Added views:lldb.loadedModules,lldb.excludedCallers in workbench.view.debug
