Installing platform package from https://github.com/vadimcn/codelldb/releases/download/v1.10.0/codelldb-x86_64-linux.vsix
Done
Initial debug configuration: {}
Initial debug configuration: {
  type: 'lldb',
  request: 'launch',
  name: "Debug executable 'git-starter-rust'",
  cargo: {
    args: [ 'build', '--bin=git-starter-rust', '--package=git-starter-rust' ],
    filter: { name: 'git-starter-rust', kind: 'bin' }
  },
  args: [],
  cwd: '${workspaceFolder}',
  __configurationTarget: 6
}
Raw artifacts:
{
  fileName: '/home/max/Documents/projects/codecrafters-git-rust/target/debug/git-starter-rust',
  name: 'git-starter-rust',
  kind: 'bin'
}
Filtered artifacts: 
{
  fileName: '/home/max/Documents/projects/codecrafters-git-rust/target/debug/git-starter-rust',
  name: 'git-starter-rust',
  kind: 'bin'
}
Resolved debug configuration: {
  type: 'lldb',
  request: 'launch',
  name: "Debug executable 'git-starter-rust'",
  args: [],
  cwd: '${workspaceFolder}',
  __configurationTarget: 6,
  relativePathBase: '/home/max/Documents/projects/codecrafters-git-rust',
  program: '/home/max/Documents/projects/codecrafters-git-rust/target/debug/git-starter-rust',
  sourceLanguages: [ 'rust' ],
  _adapterSettings: {
    displayFormat: 'auto',
    showDisassembly: 'auto',
    dereferencePointers: true,
    suppressMissingSourceFiles: true,
    evaluationTimeout: 5,
    consoleMode: 'commands',
    sourceLanguages: null,
    terminalPromptClear: null,
    evaluateForHovers: true,
    commandCompletions: true,
    reproducer: false
  }
}
Debug adapter exit code=0 (0x0), signal=null.
Initial debug configuration: {
  type: 'lldb',
  request: 'launch',
  name: "Debug executable 'git-starter-rust'",
  cargo: {
    args: [ 'build', '--bin=git-starter-rust', '--package=git-starter-rust' ],
    filter: { name: 'git-starter-rust', kind: 'bin' }
  },
  args: [ '--', '-p', '3462572994acc8283bc3e5ffd80f89764bbae380' ],
  cwd: '${workspaceFolder}',
  __configurationTarget: 6
}
Raw artifacts:
{
  fileName: '/home/max/Documents/projects/codecrafters-git-rust/target/debug/git-starter-rust',
  name: 'git-starter-rust',
  kind: 'bin'
}
Filtered artifacts: 
{
  fileName: '/home/max/Documents/projects/codecrafters-git-rust/target/debug/git-starter-rust',
  name: 'git-starter-rust',
  kind: 'bin'
}
Resolved debug configuration: {
  type: 'lldb',
  request: 'launch',
  name: "Debug executable 'git-starter-rust'",
  args: [ '--', '-p', '3462572994acc8283bc3e5ffd80f89764bbae380' ],
  cwd: '${workspaceFolder}',
  __configurationTarget: 6,
  relativePathBase: '/home/max/Documents/projects/codecrafters-git-rust',
  program: '/home/max/Documents/projects/codecrafters-git-rust/target/debug/git-starter-rust',
  sourceLanguages: [ 'rust' ],
  _adapterSettings: {
    displayFormat: 'auto',
    showDisassembly: 'auto',
    dereferencePointers: true,
    suppressMissingSourceFiles: true,
    evaluationTimeout: 5,
    consoleMode: 'commands',
    sourceLanguages: null,
    terminalPromptClear: null,
    evaluateForHovers: true,
    commandCompletions: true,
    reproducer: false
  }
}
[ERROR codelldb::debug_session] error: 'test_str' is not a valid command.
[ERROR codelldb::debug_session] error: '*test_str' is not a valid command.
ERROR(Python) 22:16:18 codelldb: Traceback (most recent call last):
  File "/home/max/.vscode/extensions/vadimcn.vscode-lldb-1.10.0/adapter/scripts/codelldb/codelldb.py", line 175, in evaluate
    value = evaluate_in_context(pycode, is_simple_expr, context)
  File "/home/max/.vscode/extensions/vadimcn.vscode-lldb-1.10.0/adapter/scripts/codelldb/codelldb.py", line 320, in evaluate_in_context
    return eval(code, eval_globals, eval_locals)
  File "<input>", line 1, in <module>
  File "/home/max/.vscode/extensions/vadimcn.vscode-lldb-1.10.0/adapter/scripts/codelldb/codelldb.py", line 309, in <lambda>
    eval_globals['__eval'] = lambda expr: nat_eval(frame, expr)
  File "/home/max/.vscode/extensions/vadimcn.vscode-lldb-1.10.0/adapter/scripts/codelldb/codelldb.py", line 300, in nat_eval
    raise Exception(err.GetCString())
Exception: error: could not find item


[ERROR codelldb::debug_session] error: could not find item
    
Debug adapter exit code=0 (0x0), signal=null.
Initial debug configuration: {
  type: 'lldb',
  request: 'launch',
  name: "Debug executable 'git-starter-rust'",
  cargo: {
    args: [ 'build', '--bin=git-starter-rust', '--package=git-starter-rust' ],
    filter: { name: 'git-starter-rust', kind: 'bin' }
  },
  args: [ '--', '-p', '3462572994acc8283bc3e5ffd80f89764bbae380' ],
  cwd: '${workspaceFolder}',
  __configurationTarget: 6
}
Raw artifacts:
{
  fileName: '/home/max/Documents/projects/codecrafters-git-rust/target/debug/git-starter-rust',
  name: 'git-starter-rust',
  kind: 'bin'
}
Filtered artifacts: 
{
  fileName: '/home/max/Documents/projects/codecrafters-git-rust/target/debug/git-starter-rust',
  name: 'git-starter-rust',
  kind: 'bin'
}
Resolved debug configuration: {
  type: 'lldb',
  request: 'launch',
  name: "Debug executable 'git-starter-rust'",
  args: [ '--', '-p', '3462572994acc8283bc3e5ffd80f89764bbae380' ],
  cwd: '${workspaceFolder}',
  __configurationTarget: 6,
  relativePathBase: '/home/max/Documents/projects/codecrafters-git-rust',
  program: '/home/max/Documents/projects/codecrafters-git-rust/target/debug/git-starter-rust',
  sourceLanguages: [ 'rust' ],
  _adapterSettings: {
    displayFormat: 'auto',
    showDisassembly: 'auto',
    dereferencePointers: true,
    suppressMissingSourceFiles: true,
    evaluationTimeout: 5,
    consoleMode: 'commands',
    sourceLanguages: null,
    terminalPromptClear: null,
    evaluateForHovers: true,
    commandCompletions: true,
    reproducer: false
  }
}
Debug adapter exit code=0 (0x0), signal=null.
Initial debug configuration: {
  type: 'lldb',
  request: 'launch',
  name: "Debug executable 'git-starter-rust'",
  cargo: {
    args: [ 'build', '--bin=git-starter-rust', '--package=git-starter-rust' ],
    filter: { name: 'git-starter-rust', kind: 'bin' }
  },
  args: [
    '--',
    'cat-file',
    '-p',
    '3462572994acc8283bc3e5ffd80f89764bbae380'
  ],
  cwd: '${workspaceFolder}',
  __configurationTarget: 6
}
Raw artifacts:
{
  fileName: '/home/max/Documents/projects/codecrafters-git-rust/target/debug/git-starter-rust',
  name: 'git-starter-rust',
  kind: 'bin'
}
Filtered artifacts: 
{
  fileName: '/home/max/Documents/projects/codecrafters-git-rust/target/debug/git-starter-rust',
  name: 'git-starter-rust',
  kind: 'bin'
}
Resolved debug configuration: {
  type: 'lldb',
  request: 'launch',
  name: "Debug executable 'git-starter-rust'",
  args: [
    '--',
    'cat-file',
    '-p',
    '3462572994acc8283bc3e5ffd80f89764bbae380'
  ],
  cwd: '${workspaceFolder}',
  __configurationTarget: 6,
  relativePathBase: '/home/max/Documents/projects/codecrafters-git-rust',
  program: '/home/max/Documents/projects/codecrafters-git-rust/target/debug/git-starter-rust',
  sourceLanguages: [ 'rust' ],
  _adapterSettings: {
    displayFormat: 'auto',
    showDisassembly: 'auto',
    dereferencePointers: true,
    suppressMissingSourceFiles: true,
    evaluationTimeout: 5,
    consoleMode: 'commands',
    sourceLanguages: null,
    terminalPromptClear: null,
    evaluateForHovers: true,
    commandCompletions: true,
    reproducer: false
  }
}
ERROR(Python) 22:17:27 formatters.rust: ('ReadMemory error: %s', 'memory read failed for 0x3')
Traceback (most recent call last):
  File "/home/max/.vscode/extensions/vadimcn.vscode-lldb-1.10.0/formatters/rust.py", line 116, in get_synth_summary
    summary = RustSynthProvider.synth_by_id[obj_id].get_summary()
  File "/home/max/.vscode/extensions/vadimcn.vscode-lldb-1.10.0/formatters/rust.py", line 357, in get_summary
    strval = string_from_ptr(self.ptr, min(self.len, max_string_summary_langth))
  File "/home/max/.vscode/extensions/vadimcn.vscode-lldb-1.10.0/formatters/rust.py", line 147, in string_from_ptr
    raise Exception('ReadMemory error: %s', error.GetCString())
Exception: ('ReadMemory error: %s', 'memory read failed for 0x3')
Traceback (most recent call last):
  File "/home/max/.vscode/extensions/vadimcn.vscode-lldb-1.10.0/formatters/rust.py", line 96, in summary_fn
    def summary_fn(valobj, dict): return get_synth_summary(synth_class, valobj, dict)
  File "/home/max/.vscode/extensions/vadimcn.vscode-lldb-1.10.0/formatters/rust.py", line 116, in get_synth_summary
    summary = RustSynthProvider.synth_by_id[obj_id].get_summary()
  File "/home/max/.vscode/extensions/vadimcn.vscode-lldb-1.10.0/formatters/rust.py", line 357, in get_summary
    strval = string_from_ptr(self.ptr, min(self.len, max_string_summary_langth))
  File "/home/max/.vscode/extensions/vadimcn.vscode-lldb-1.10.0/formatters/rust.py", line 147, in string_from_ptr
    raise Exception('ReadMemory error: %s', error.GetCString())
Exception: ('ReadMemory error: %s', 'memory read failed for 0x3')
ERROR(Python) 22:17:27 formatters.rust: ('ReadMemory error: %s', 'memory read failed for 0x7fff00000000')
Traceback (most recent call last):
  File "/home/max/.vscode/extensions/vadimcn.vscode-lldb-1.10.0/formatters/rust.py", line 116, in get_synth_summary
    summary = RustSynthProvider.synth_by_id[obj_id].get_summary()
  File "/home/max/.vscode/extensions/vadimcn.vscode-lldb-1.10.0/formatters/rust.py", line 357, in get_summary
    strval = string_from_ptr(self.ptr, min(self.len, max_string_summary_langth))
  File "/home/max/.vscode/extensions/vadimcn.vscode-lldb-1.10.0/formatters/rust.py", line 147, in string_from_ptr
    raise Exception('ReadMemory error: %s', error.GetCString())
Exception: ('ReadMemory error: %s', 'memory read failed for 0x7fff00000000')
Traceback (most recent call last):
  File "/home/max/.vscode/extensions/vadimcn.vscode-lldb-1.10.0/formatters/rust.py", line 96, in summary_fn
    def summary_fn(valobj, dict): return get_synth_summary(synth_class, valobj, dict)
  File "/home/max/.vscode/extensions/vadimcn.vscode-lldb-1.10.0/formatters/rust.py", line 116, in get_synth_summary
    summary = RustSynthProvider.synth_by_id[obj_id].get_summary()
  File "/home/max/.vscode/extensions/vadimcn.vscode-lldb-1.10.0/formatters/rust.py", line 357, in get_summary
    strval = string_from_ptr(self.ptr, min(self.len, max_string_summary_langth))
  File "/home/max/.vscode/extensions/vadimcn.vscode-lldb-1.10.0/formatters/rust.py", line 147, in string_from_ptr
    raise Exception('ReadMemory error: %s', error.GetCString())
Exception: ('ReadMemory error: %s', 'memory read failed for 0x7fff00000000')
[ERROR codelldb::debug_session] error: 'file_path' is not a valid command.
ERROR(Python) 22:17:38 formatters.rust: ('ReadMemory error: %s', 'memory read failed for 0x3')
Traceback (most recent call last):
  File "/home/max/.vscode/extensions/vadimcn.vscode-lldb-1.10.0/formatters/rust.py", line 116, in get_synth_summary
    summary = RustSynthProvider.synth_by_id[obj_id].get_summary()
  File "/home/max/.vscode/extensions/vadimcn.vscode-lldb-1.10.0/formatters/rust.py", line 357, in get_summary
    strval = string_from_ptr(self.ptr, min(self.len, max_string_summary_langth))
  File "/home/max/.vscode/extensions/vadimcn.vscode-lldb-1.10.0/formatters/rust.py", line 147, in string_from_ptr
    raise Exception('ReadMemory error: %s', error.GetCString())
Exception: ('ReadMemory error: %s', 'memory read failed for 0x3')
Traceback (most recent call last):
  File "/home/max/.vscode/extensions/vadimcn.vscode-lldb-1.10.0/formatters/rust.py", line 96, in summary_fn
    def summary_fn(valobj, dict): return get_synth_summary(synth_class, valobj, dict)
  File "/home/max/.vscode/extensions/vadimcn.vscode-lldb-1.10.0/formatters/rust.py", line 116, in get_synth_summary
    summary = RustSynthProvider.synth_by_id[obj_id].get_summary()
  File "/home/max/.vscode/extensions/vadimcn.vscode-lldb-1.10.0/formatters/rust.py", line 357, in get_summary
    strval = string_from_ptr(self.ptr, min(self.len, max_string_summary_langth))
  File "/home/max/.vscode/extensions/vadimcn.vscode-lldb-1.10.0/formatters/rust.py", line 147, in string_from_ptr
    raise Exception('ReadMemory error: %s', error.GetCString())
Exception: ('ReadMemory error: %s', 'memory read failed for 0x3')
ERROR(Python) 22:17:38 formatters.rust: ('ReadMemory error: %s', 'memory read failed for 0x7fff00000000')
Traceback (most recent call last):
  File "/home/max/.vscode/extensions/vadimcn.vscode-lldb-1.10.0/formatters/rust.py", line 116, in get_synth_summary
    summary = RustSynthProvider.synth_by_id[obj_id].get_summary()
  File "/home/max/.vscode/extensions/vadimcn.vscode-lldb-1.10.0/formatters/rust.py", line 357, in get_summary
    strval = string_from_ptr(self.ptr, min(self.len, max_string_summary_langth))
  File "/home/max/.vscode/extensions/vadimcn.vscode-lldb-1.10.0/formatters/rust.py", line 147, in string_from_ptr
    raise Exception('ReadMemory error: %s', error.GetCString())
Exception: ('ReadMemory error: %s', 'memory read failed for 0x7fff00000000')
Traceback (most recent call last):
  File "/home/max/.vscode/extensions/vadimcn.vscode-lldb-1.10.0/formatters/rust.py", line 96, in summary_fn
    def summary_fn(valobj, dict): return get_synth_summary(synth_class, valobj, dict)
  File "/home/max/.vscode/extensions/vadimcn.vscode-lldb-1.10.0/formatters/rust.py", line 116, in get_synth_summary
    summary = RustSynthProvider.synth_by_id[obj_id].get_summary()
  File "/home/max/.vscode/extensions/vadimcn.vscode-lldb-1.10.0/formatters/rust.py", line 357, in get_summary
    strval = string_from_ptr(self.ptr, min(self.len, max_string_summary_langth))
  File "/home/max/.vscode/extensions/vadimcn.vscode-lldb-1.10.0/formatters/rust.py", line 147, in string_from_ptr
    raise Exception('ReadMemory error: %s', error.GetCString())
Exception: ('ReadMemory error: %s', 'memory read failed for 0x7fff00000000')
[ERROR codelldb::debug_session] error: '-exec' is not a valid command.
ERROR(Python) 22:17:45 formatters.rust: ('ReadMemory error: %s', 'memory read failed for 0x3')
Traceback (most recent call last):
  File "/home/max/.vscode/extensions/vadimcn.vscode-lldb-1.10.0/formatters/rust.py", line 116, in get_synth_summary
    summary = RustSynthProvider.synth_by_id[obj_id].get_summary()
  File "/home/max/.vscode/extensions/vadimcn.vscode-lldb-1.10.0/formatters/rust.py", line 357, in get_summary
    strval = string_from_ptr(self.ptr, min(self.len, max_string_summary_langth))
  File "/home/max/.vscode/extensions/vadimcn.vscode-lldb-1.10.0/formatters/rust.py", line 147, in string_from_ptr
    raise Exception('ReadMemory error: %s', error.GetCString())
Exception: ('ReadMemory error: %s', 'memory read failed for 0x3')
Traceback (most recent call last):
  File "/home/max/.vscode/extensions/vadimcn.vscode-lldb-1.10.0/formatters/rust.py", line 96, in summary_fn
    def summary_fn(valobj, dict): return get_synth_summary(synth_class, valobj, dict)
  File "/home/max/.vscode/extensions/vadimcn.vscode-lldb-1.10.0/formatters/rust.py", line 116, in get_synth_summary
    summary = RustSynthProvider.synth_by_id[obj_id].get_summary()
  File "/home/max/.vscode/extensions/vadimcn.vscode-lldb-1.10.0/formatters/rust.py", line 357, in get_summary
    strval = string_from_ptr(self.ptr, min(self.len, max_string_summary_langth))
  File "/home/max/.vscode/extensions/vadimcn.vscode-lldb-1.10.0/formatters/rust.py", line 147, in string_from_ptr
    raise Exception('ReadMemory error: %s', error.GetCString())
Exception: ('ReadMemory error: %s', 'memory read failed for 0x3')
ERROR(Python) 22:17:45 formatters.rust: ('ReadMemory error: %s', 'memory read failed for 0x7fff00000000')
Traceback (most recent call last):
  File "/home/max/.vscode/extensions/vadimcn.vscode-lldb-1.10.0/formatters/rust.py", line 116, in get_synth_summary
    summary = RustSynthProvider.synth_by_id[obj_id].get_summary()
  File "/home/max/.vscode/extensions/vadimcn.vscode-lldb-1.10.0/formatters/rust.py", line 357, in get_summary
    strval = string_from_ptr(self.ptr, min(self.len, max_string_summary_langth))
  File "/home/max/.vscode/extensions/vadimcn.vscode-lldb-1.10.0/formatters/rust.py", line 147, in string_from_ptr
    raise Exception('ReadMemory error: %s', error.GetCString())
Exception: ('ReadMemory error: %s', 'memory read failed for 0x7fff00000000')
Traceback (most recent call last):
  File "/home/max/.vscode/extensions/vadimcn.vscode-lldb-1.10.0/formatters/rust.py", line 96, in summary_fn
    def summary_fn(valobj, dict): return get_synth_summary(synth_class, valobj, dict)
  File "/home/max/.vscode/extensions/vadimcn.vscode-lldb-1.10.0/formatters/rust.py", line 116, in get_synth_summary
    summary = RustSynthProvider.synth_by_id[obj_id].get_summary()
  File "/home/max/.vscode/extensions/vadimcn.vscode-lldb-1.10.0/formatters/rust.py", line 357, in get_summary
    strval = string_from_ptr(self.ptr, min(self.len, max_string_summary_langth))
  File "/home/max/.vscode/extensions/vadimcn.vscode-lldb-1.10.0/formatters/rust.py", line 147, in string_from_ptr
    raise Exception('ReadMemory error: %s', error.GetCString())
Exception: ('ReadMemory error: %s', 'memory read failed for 0x7fff00000000')
[ERROR codelldb::debug_session] error: 'exec' is not a valid command.
ERROR(Python) 22:17:48 formatters.rust: ('ReadMemory error: %s', 'memory read failed for 0x3')
Traceback (most recent call last):
  File "/home/max/.vscode/extensions/vadimcn.vscode-lldb-1.10.0/formatters/rust.py", line 116, in get_synth_summary
    summary = RustSynthProvider.synth_by_id[obj_id].get_summary()
  File "/home/max/.vscode/extensions/vadimcn.vscode-lldb-1.10.0/formatters/rust.py", line 357, in get_summary
    strval = string_from_ptr(self.ptr, min(self.len, max_string_summary_langth))
  File "/home/max/.vscode/extensions/vadimcn.vscode-lldb-1.10.0/formatters/rust.py", line 147, in string_from_ptr
    raise Exception('ReadMemory error: %s', error.GetCString())
Exception: ('ReadMemory error: %s', 'memory read failed for 0x3')
Traceback (most recent call last):
  File "/home/max/.vscode/extensions/vadimcn.vscode-lldb-1.10.0/formatters/rust.py", line 96, in summary_fn
    def summary_fn(valobj, dict): return get_synth_summary(synth_class, valobj, dict)
  File "/home/max/.vscode/extensions/vadimcn.vscode-lldb-1.10.0/formatters/rust.py", line 116, in get_synth_summary
    summary = RustSynthProvider.synth_by_id[obj_id].get_summary()
  File "/home/max/.vscode/extensions/vadimcn.vscode-lldb-1.10.0/formatters/rust.py", line 357, in get_summary
    strval = string_from_ptr(self.ptr, min(self.len, max_string_summary_langth))
  File "/home/max/.vscode/extensions/vadimcn.vscode-lldb-1.10.0/formatters/rust.py", line 147, in string_from_ptr
    raise Exception('ReadMemory error: %s', error.GetCString())
Exception: ('ReadMemory error: %s', 'memory read failed for 0x3')
ERROR(Python) 22:17:48 formatters.rust: ('ReadMemory error: %s', 'memory read failed for 0x7fff00000000')
Traceback (most recent call last):
  File "/home/max/.vscode/extensions/vadimcn.vscode-lldb-1.10.0/formatters/rust.py", line 116, in get_synth_summary
    summary = RustSynthProvider.synth_by_id[obj_id].get_summary()
  File "/home/max/.vscode/extensions/vadimcn.vscode-lldb-1.10.0/formatters/rust.py", line 357, in get_summary
    strval = string_from_ptr(self.ptr, min(self.len, max_string_summary_langth))
  File "/home/max/.vscode/extensions/vadimcn.vscode-lldb-1.10.0/formatters/rust.py", line 147, in string_from_ptr
    raise Exception('ReadMemory error: %s', error.GetCString())
Exception: ('ReadMemory error: %s', 'memory read failed for 0x7fff00000000')
Traceback (most recent call last):
  File "/home/max/.vscode/extensions/vadimcn.vscode-lldb-1.10.0/formatters/rust.py", line 96, in summary_fn
    def summary_fn(valobj, dict): return get_synth_summary(synth_class, valobj, dict)
  File "/home/max/.vscode/extensions/vadimcn.vscode-lldb-1.10.0/formatters/rust.py", line 116, in get_synth_summary
    summary = RustSynthProvider.synth_by_id[obj_id].get_summary()
  File "/home/max/.vscode/extensions/vadimcn.vscode-lldb-1.10.0/formatters/rust.py", line 357, in get_summary
    strval = string_from_ptr(self.ptr, min(self.len, max_string_summary_langth))
  File "/home/max/.vscode/extensions/vadimcn.vscode-lldb-1.10.0/formatters/rust.py", line 147, in string_from_ptr
    raise Exception('ReadMemory error: %s', error.GetCString())
Exception: ('ReadMemory error: %s', 'memory read failed for 0x7fff00000000')
[ERROR codelldb::debug_session] <cancelled>
[ERROR codelldb::debug_session] Internal debugger error: canceled
Debug adapter exit code=0 (0x0), signal=null.
Initial debug configuration: {
  type: 'lldb',
  request: 'launch',
  name: "Debug executable 'git-starter-rust'",
  cargo: {
    args: [ 'build', '--bin=git-starter-rust', '--package=git-starter-rust' ],
    filter: { name: 'git-starter-rust', kind: 'bin' }
  },
  args: [ 'cat-file', '-p', '3462572994acc8283bc3e5ffd80f89764bbae380' ],
  cwd: '${workspaceFolder}',
  __configurationTarget: 6
}
Raw artifacts:
{
  fileName: '/home/max/Documents/projects/codecrafters-git-rust/target/debug/git-starter-rust',
  name: 'git-starter-rust',
  kind: 'bin'
}
Filtered artifacts: 
{
  fileName: '/home/max/Documents/projects/codecrafters-git-rust/target/debug/git-starter-rust',
  name: 'git-starter-rust',
  kind: 'bin'
}
Resolved debug configuration: {
  type: 'lldb',
  request: 'launch',
  name: "Debug executable 'git-starter-rust'",
  args: [ 'cat-file', '-p', '3462572994acc8283bc3e5ffd80f89764bbae380' ],
  cwd: '${workspaceFolder}',
  __configurationTarget: 6,
  relativePathBase: '/home/max/Documents/projects/codecrafters-git-rust',
  program: '/home/max/Documents/projects/codecrafters-git-rust/target/debug/git-starter-rust',
  sourceLanguages: [ 'rust' ],
  _adapterSettings: {
    displayFormat: 'auto',
    showDisassembly: 'auto',
    dereferencePointers: true,
    suppressMissingSourceFiles: true,
    evaluationTimeout: 5,
    consoleMode: 'commands',
    sourceLanguages: null,
    terminalPromptClear: null,
    evaluateForHovers: true,
    commandCompletions: true,
    reproducer: false
  }
}
ERROR(Python) 22:18:15 formatters.rust: ('ReadMemory error: %s', 'memory read failed for 0x3')
Traceback (most recent call last):
  File "/home/max/.vscode/extensions/vadimcn.vscode-lldb-1.10.0/formatters/rust.py", line 116, in get_synth_summary
    summary = RustSynthProvider.synth_by_id[obj_id].get_summary()
  File "/home/max/.vscode/extensions/vadimcn.vscode-lldb-1.10.0/formatters/rust.py", line 357, in get_summary
    strval = string_from_ptr(self.ptr, min(self.len, max_string_summary_langth))
  File "/home/max/.vscode/extensions/vadimcn.vscode-lldb-1.10.0/formatters/rust.py", line 147, in string_from_ptr
    raise Exception('ReadMemory error: %s', error.GetCString())
Exception: ('ReadMemory error: %s', 'memory read failed for 0x3')
Traceback (most recent call last):
  File "/home/max/.vscode/extensions/vadimcn.vscode-lldb-1.10.0/formatters/rust.py", line 96, in summary_fn
    def summary_fn(valobj, dict): return get_synth_summary(synth_class, valobj, dict)
  File "/home/max/.vscode/extensions/vadimcn.vscode-lldb-1.10.0/formatters/rust.py", line 116, in get_synth_summary
    summary = RustSynthProvider.synth_by_id[obj_id].get_summary()
  File "/home/max/.vscode/extensions/vadimcn.vscode-lldb-1.10.0/formatters/rust.py", line 357, in get_summary
    strval = string_from_ptr(self.ptr, min(self.len, max_string_summary_langth))
  File "/home/max/.vscode/extensions/vadimcn.vscode-lldb-1.10.0/formatters/rust.py", line 147, in string_from_ptr
    raise Exception('ReadMemory error: %s', error.GetCString())
Exception: ('ReadMemory error: %s', 'memory read failed for 0x3')
ERROR(Python) 22:18:15 formatters.rust: ('ReadMemory error: %s', 'memory read failed for 0x7fff00000000')
Traceback (most recent call last):
  File "/home/max/.vscode/extensions/vadimcn.vscode-lldb-1.10.0/formatters/rust.py", line 116, in get_synth_summary
    summary = RustSynthProvider.synth_by_id[obj_id].get_summary()
  File "/home/max/.vscode/extensions/vadimcn.vscode-lldb-1.10.0/formatters/rust.py", line 357, in get_summary
    strval = string_from_ptr(self.ptr, min(self.len, max_string_summary_langth))
  File "/home/max/.vscode/extensions/vadimcn.vscode-lldb-1.10.0/formatters/rust.py", line 147, in string_from_ptr
    raise Exception('ReadMemory error: %s', error.GetCString())
Exception: ('ReadMemory error: %s', 'memory read failed for 0x7fff00000000')
Traceback (most recent call last):
  File "/home/max/.vscode/extensions/vadimcn.vscode-lldb-1.10.0/formatters/rust.py", line 96, in summary_fn
    def summary_fn(valobj, dict): return get_synth_summary(synth_class, valobj, dict)
  File "/home/max/.vscode/extensions/vadimcn.vscode-lldb-1.10.0/formatters/rust.py", line 116, in get_synth_summary
    summary = RustSynthProvider.synth_by_id[obj_id].get_summary()
  File "/home/max/.vscode/extensions/vadimcn.vscode-lldb-1.10.0/formatters/rust.py", line 357, in get_summary
    strval = string_from_ptr(self.ptr, min(self.len, max_string_summary_langth))
  File "/home/max/.vscode/extensions/vadimcn.vscode-lldb-1.10.0/formatters/rust.py", line 147, in string_from_ptr
    raise Exception('ReadMemory error: %s', error.GetCString())
Exception: ('ReadMemory error: %s', 'memory read failed for 0x7fff00000000')
[ERROR codelldb::debug_session] error: 'file_path' is not a valid command.
Debug adapter exit code=0 (0x0), signal=null.
