2024-04-23 22:13:11.852 [info] Extension host with pid 22762 started
2024-04-23 22:13:11.862 [info] ExtensionService#_doActivateExtension vscode.git-base, startup: true, activationEvent: '*', root cause: vscode.git
2024-04-23 22:13:11.867 [info] ExtensionService#_doActivateExtension vscode.git, startup: true, activationEvent: '*'
2024-04-23 22:13:11.875 [info] ExtensionService#_doActivateExtension vscode.github, startup: true, activationEvent: '*'
2024-04-23 22:13:11.892 [info] Eager extensions activated
2024-04-23 22:13:11.925 [info] ExtensionService#_doActivateExtension vscode.debug-auto-launch, startup: false, activationEvent: 'onStartupFinished'
2024-04-23 22:13:11.927 [info] ExtensionService#_doActivateExtension vscode.merge-conflict, startup: false, activationEvent: 'onStartupFinished'
2024-04-23 22:13:23.676 [info] Extension host terminating: renderer closed the MessagePort
2024-04-23 22:13:23.684 [info] Extension host with pid 22762 exiting with code 0
2024-04-23 22:13:24.144 [info] Extension host with pid 22907 started
2024-04-23 22:13:24.144 [info] Skipping acquiring lock for /home/max/.config/Code/User/workspaceStorage/9b45eead7e9a98bea1a0c1a2f46b0fdc.
2024-04-23 22:13:24.151 [info] ExtensionService#_doActivateExtension vscode.git-base, startup: true, activationEvent: '*'
2024-04-23 22:13:24.154 [info] ExtensionService#_doActivateExtension vscode.github, startup: true, activationEvent: '*'
2024-04-23 22:13:24.161 [info] Eager extensions activated
2024-04-23 22:13:24.161 [info] ExtensionService#_doActivateExtension vscode.debug-auto-launch, startup: false, activationEvent: 'onStartupFinished'
2024-04-23 22:13:24.162 [info] ExtensionService#_doActivateExtension vscode.merge-conflict, startup: false, activationEvent: 'onStartupFinished'
2024-04-23 22:13:25.728 [info] ExtensionService#_doActivateExtension vscode.git, startup: false, activationEvent: 'api', root cause: vscode.github
2024-04-23 22:13:27.203 [info] ExtensionService#_doActivateExtension vscode.emmet, startup: false, activationEvent: 'onLanguage'
2024-04-23 22:13:38.206 [info] ExtensionService#_doActivateExtension rust-lang.rust-analyzer, startup: false, activationEvent: 'workspaceContains:Cargo.toml'
2024-04-23 22:13:46.360 [info] ExtensionService#_doActivateExtension ms-vscode.js-debug, startup: false, activationEvent: 'onDebugInitialConfigurations'
2024-04-23 22:13:48.591 [info] ExtensionService#_doActivateExtension vscode.debug-server-ready, startup: false, activationEvent: 'onDebugResolve'
2024-04-23 22:13:59.045 [info] ExtensionService#_doActivateExtension vadimcn.vscode-lldb, startup: false, activationEvent: 'onDebug'
2024-04-23 22:14:11.931 [info] ExtensionService#_doActivateExtension vscode.json-language-features, startup: false, activationEvent: 'onLanguage:jsonc'
2024-04-23 22:14:11.962 [info] ExtensionService#_doActivateExtension vscode.typescript-language-features, startup: false, activationEvent: 'onLanguage:jsonc'
2024-04-23 22:15:47.867 [info] ExtensionService#_doActivateExtension vscode.npm, startup: false, activationEvent: 'onTerminalQuickFixRequest:ms-vscode.npm-command'
