2024-04-23 22:13:11.893 [info] Log level: Info
2024-04-23 22:13:11.893 [info] Validating found git in: "git"
2024-04-23 22:13:11.893 [info] Using git "2.34.1" from "git"
2024-04-23 22:13:25.755 [info] Log level: Info
2024-04-23 22:13:25.755 [info] Validating found git in: "git"
2024-04-23 22:13:25.755 [info] Using git "2.34.1" from "git"
2024-04-23 22:13:25.755 [info] > git rev-parse --show-toplevel [2ms]
2024-04-23 22:13:25.757 [info] > git rev-parse --git-dir --git-common-dir [1ms]
2024-04-23 22:13:25.761 [info] Open repository: /home/max/Documents/projects/codecrafters-git-rust
2024-04-23 22:13:25.764 [info] > git rev-parse --show-toplevel [0ms]
2024-04-23 22:13:25.765 [info] > git config --get commit.template [2ms]
2024-04-23 22:13:25.768 [info] > git rev-parse --show-toplevel [2ms]
2024-04-23 22:13:25.768 [info] > git for-each-ref --format=%(refname)%00%(upstream:short)%00%(objectname)%00%(upstream:track)%00%(upstream:remotename)%00%(upstream:remoteref) refs/heads/master refs/remotes/master [0ms]
2024-04-23 22:13:25.771 [info] > git rev-parse --show-toplevel [2ms]
2024-04-23 22:13:25.773 [info] > git status -z -uall [2ms]
2024-04-23 22:13:25.779 [info] > git merge-base refs/heads/master refs/remotes/origin/master [5ms]
2024-04-23 22:13:25.780 [info] > git rev-parse --git-dir --git-common-dir [8ms]
2024-04-23 22:13:25.781 [info] Open repository: /home/max/Documents/projects/codecrafters-git-rust/test_dir
2024-04-23 22:13:25.784 [warning] getRemotes() - ENOENT: no such file or directory, open '/home/max/Documents/projects/codecrafters-git-rust/test_dir/.git/config'
2024-04-23 22:13:25.785 [info] > git config --get commit.template [7ms]
2024-04-23 22:13:25.786 [info] > git config --get commit.template [1ms]
2024-04-23 22:13:25.786 [info] > git remote --verbose [2ms]
2024-04-23 22:13:25.789 [info] > git for-each-ref --format=%(refname)%00%(upstream:short)%00%(objectname)%00%(upstream:track)%00%(upstream:remotename)%00%(upstream:remoteref) refs/heads/master refs/remotes/master [1ms]
2024-04-23 22:13:25.789 [info] > git for-each-ref --format=%(refname)%00%(upstream:short)%00%(objectname)%00%(upstream:track)%00%(upstream:remotename)%00%(upstream:remoteref) refs/heads/main refs/remotes/main [0ms]
2024-04-23 22:13:25.789 [warning] No such branch: main.
2024-04-23 22:13:25.791 [info] > git rev-list --count --left-right refs/heads/master...refs/remotes/origin/master [11ms]
2024-04-23 22:13:25.793 [info] > git status -z -uall [2ms]
2024-04-23 22:13:25.795 [warning] getRemotes() - ENOENT: no such file or directory, open '/home/max/Documents/projects/codecrafters-git-rust/test_dir/.git/config'
2024-04-23 22:13:25.797 [info] > git status -z -uall [4ms]
2024-04-23 22:13:25.797 [info] > git diff --name-status -z --diff-filter=ADMR 6ff0e9679530704137a28c57162cac3791964c17...refs/remotes/origin/master [5ms]
2024-04-23 22:13:25.798 [info] > git config --get commit.template [2ms]
2024-04-23 22:13:25.798 [info] > git remote --verbose [3ms]
2024-04-23 22:13:25.799 [info] > git for-each-ref --format=%(refname)%00%(upstream:short)%00%(objectname)%00%(upstream:track)%00%(upstream:remotename)%00%(upstream:remoteref) refs/heads/main refs/remotes/main [0ms]
2024-04-23 22:13:25.799 [warning] No such branch: main.
2024-04-23 22:13:25.801 [info] > git status -z -uall [1ms]
2024-04-23 22:13:26.299 [info] > git check-ignore -v -z --stdin [7ms]
2024-04-23 22:13:26.302 [info] > git check-ignore -v -z --stdin [4ms]
2024-04-23 22:13:39.887 [info] > git config --get commit.template [2ms]
2024-04-23 22:13:39.887 [info] > git for-each-ref --format=%(refname)%00%(upstream:short)%00%(objectname)%00%(upstream:track)%00%(upstream:remotename)%00%(upstream:remoteref) refs/heads/master refs/remotes/master [1ms]
2024-04-23 22:13:39.889 [info] > git status -z -uall [0ms]
2024-04-23 22:13:42.654 [info] > git check-ignore -v -z --stdin [2ms]
2024-04-23 22:13:44.144 [info] > git check-ignore -v -z --stdin [0ms]
2024-04-23 22:13:44.319 [info] > git show --textconv :src/main.rs [2ms]
2024-04-23 22:13:44.319 [info] > git ls-files --stage -- /home/max/Documents/projects/codecrafters-git-rust/src/main.rs [0ms]
2024-04-23 22:13:44.321 [info] > git cat-file -s 157d605cd43f5062762cbc1e87ed8b5a77124ca9 [0ms]
2024-04-23 22:14:03.513 [info] > git show --textconv :src/main.rs [9ms]
2024-04-23 22:14:03.514 [info] > git ls-files --stage -- /home/max/Documents/projects/codecrafters-git-rust/src/main.rs [3ms]
2024-04-23 22:14:03.522 [info] > git cat-file -s 157d605cd43f5062762cbc1e87ed8b5a77124ca9 [2ms]
2024-04-23 22:14:12.179 [info] > git show --textconv :.vscode/launch.json [2ms]
2024-04-23 22:14:12.179 [info] > git ls-files --stage -- /home/max/Documents/projects/codecrafters-git-rust/.vscode/launch.json [0ms]
2024-04-23 22:14:12.424 [info] > git check-ignore -v -z --stdin [2ms]
2024-04-23 22:14:13.007 [info] > git config --get commit.template [8ms]
2024-04-23 22:14:13.008 [info] > git for-each-ref --format=%(refname)%00%(upstream:short)%00%(objectname)%00%(upstream:track)%00%(upstream:remotename)%00%(upstream:remoteref) refs/heads/master refs/remotes/master [3ms]
2024-04-23 22:14:13.016 [info] > git status -z -uall [2ms]
2024-04-23 22:14:18.039 [info] > git config --get commit.template [8ms]
2024-04-23 22:14:18.039 [info] > git for-each-ref --format=%(refname)%00%(upstream:short)%00%(objectname)%00%(upstream:track)%00%(upstream:remotename)%00%(upstream:remoteref) refs/heads/master refs/remotes/master [2ms]
2024-04-23 22:14:18.050 [info] > git status -z -uall [3ms]
2024-04-23 22:15:42.115 [info] > git config --get commit.template [9ms]
2024-04-23 22:15:42.116 [info] > git for-each-ref --format=%(refname)%00%(upstream:short)%00%(objectname)%00%(upstream:track)%00%(upstream:remotename)%00%(upstream:remoteref) refs/heads/master refs/remotes/master [2ms]
2024-04-23 22:15:42.126 [info] > git status -z -uall [2ms]
2024-04-23 22:15:43.730 [info] > git show --textconv :src/main.rs [8ms]
2024-04-23 22:15:43.731 [info] > git ls-files --stage -- /home/max/Documents/projects/codecrafters-git-rust/src/main.rs [2ms]
2024-04-23 22:15:43.740 [info] > git cat-file -s 157d605cd43f5062762cbc1e87ed8b5a77124ca9 [2ms]
2024-04-23 22:16:45.105 [info] > git show --textconv :src/main.rs [10ms]
2024-04-23 22:16:45.107 [info] > git ls-files --stage -- /home/max/Documents/projects/codecrafters-git-rust/src/main.rs [2ms]
2024-04-23 22:16:45.117 [info] > git cat-file -s 157d605cd43f5062762cbc1e87ed8b5a77124ca9 [3ms]
2024-04-23 22:16:52.803 [info] > git show --textconv :.vscode/launch.json [9ms]
2024-04-23 22:16:52.805 [info] > git ls-files --stage -- /home/max/Documents/projects/codecrafters-git-rust/.vscode/launch.json [3ms]
2024-04-23 22:16:55.107 [info] > git show --textconv :src/main.rs [6ms]
2024-04-23 22:16:55.109 [info] > git ls-files --stage -- /home/max/Documents/projects/codecrafters-git-rust/src/main.rs [2ms]
2024-04-23 22:16:55.118 [info] > git cat-file -s 157d605cd43f5062762cbc1e87ed8b5a77124ca9 [2ms]
2024-04-23 22:17:06.001 [info] > git show --textconv :.vscode/launch.json [6ms]
2024-04-23 22:17:06.001 [info] > git ls-files --stage -- /home/max/Documents/projects/codecrafters-git-rust/.vscode/launch.json [1ms]
2024-04-23 22:17:25.995 [info] > git config --get commit.template [9ms]
2024-04-23 22:17:25.995 [info] > git for-each-ref --format=%(refname)%00%(upstream:short)%00%(objectname)%00%(upstream:track)%00%(upstream:remotename)%00%(upstream:remoteref) refs/heads/master refs/remotes/master [3ms]
2024-04-23 22:17:26.008 [info] > git status -z -uall [3ms]
2024-04-23 22:17:27.070 [info] > git show --textconv :src/main.rs [10ms]
2024-04-23 22:17:27.071 [info] > git ls-files --stage -- /home/max/Documents/projects/codecrafters-git-rust/src/main.rs [2ms]
2024-04-23 22:17:27.078 [info] > git cat-file -s 157d605cd43f5062762cbc1e87ed8b5a77124ca9 [2ms]
2024-04-23 22:18:10.669 [info] > git show --textconv :.vscode/launch.json [9ms]
2024-04-23 22:18:10.671 [info] > git ls-files --stage -- /home/max/Documents/projects/codecrafters-git-rust/.vscode/launch.json [3ms]
2024-04-23 22:18:15.337 [info] > git config --get commit.template [9ms]
2024-04-23 22:18:15.338 [info] > git for-each-ref --format=%(refname)%00%(upstream:short)%00%(objectname)%00%(upstream:track)%00%(upstream:remotename)%00%(upstream:remoteref) refs/heads/master refs/remotes/master [3ms]
2024-04-23 22:18:15.349 [info] > git status -z -uall [3ms]
2024-04-23 22:18:15.431 [info] > git show --textconv :src/main.rs [9ms]
2024-04-23 22:18:15.433 [info] > git ls-files --stage -- /home/max/Documents/projects/codecrafters-git-rust/src/main.rs [2ms]
2024-04-23 22:18:15.442 [info] > git cat-file -s 157d605cd43f5062762cbc1e87ed8b5a77124ca9 [2ms]
2024-04-23 22:19:52.062 [info] > git show --textconv :.vscode/launch.json [9ms]
2024-04-23 22:19:52.063 [info] > git ls-files --stage -- /home/max/Documents/projects/codecrafters-git-rust/.vscode/launch.json [2ms]
